[debug] [2020-06-05T02:38:58.694Z] ----------------------------------------------------------------------
[debug] [2020-06-05T02:38:58.696Z] Command:       /home/omairapalacios/.nvm/versions/node/v10.17.0/bin/node /home/omairapalacios/.nvm/versions/node/v10.17.0/bin/firebase emulators:start --only functions
[debug] [2020-06-05T02:38:58.697Z] CLI Version:   8.4.1
[debug] [2020-06-05T02:38:58.697Z] Platform:      linux
[debug] [2020-06-05T02:38:58.697Z] Node Version:  v10.17.0
[debug] [2020-06-05T02:38:58.697Z] Time:          Thu Jun 04 2020 21:38:58 GMT-0500 (Peru Standard Time)
[debug] [2020-06-05T02:38:58.697Z] ----------------------------------------------------------------------
[debug] [2020-06-05T02:38:58.697Z] 
[debug] [2020-06-05T02:38:58.703Z] > command requires scopes: ["email","openid","https://www.googleapis.com/auth/cloudplatformprojects.readonly","https://www.googleapis.com/auth/firebase","https://www.googleapis.com/auth/cloud-platform"]
[debug] [2020-06-05T02:38:58.704Z] > authorizing via signed-in user
[info] i  emulators: Starting emulators: functions {"metadata":{"emulator":{"name":"hub"},"message":"Starting emulators: functions"}}
[debug] [2020-06-05T02:38:58.723Z] [hub] writing locator at /tmp/hub-konectameet.json
[warn] ⚠  Your requested "node" version "8" doesn't match your global version "10" {"metadata":{"emulator":{"name":"functions"},"message":"Your requested \"node\" version \"8\" doesn't match your global version \"10\""}}
[info] i  ui: downloading ui-v1.0.0.zip... {"metadata":{"emulator":{"name":"ui"},"message":"downloading ui-v1.0.0.zip..."}}
[debug] [2020-06-05T02:39:01.922Z] Ignoring unsupported arg: auto_download {"metadata":{"emulator":{"name":"ui"},"message":"Ignoring unsupported arg: auto_download"}}
[debug] [2020-06-05T02:39:01.922Z] Ignoring unsupported arg: port {"metadata":{"emulator":{"name":"ui"},"message":"Ignoring unsupported arg: port"}}
[debug] [2020-06-05T02:39:01.922Z] Starting Emulator UI with command {"binary":"node","args":["/home/omairapalacios/.cache/firebase/emulators/ui-v1.0.0/server.bundle.js"],"optionalArgs":[],"joinArgs":false} {"metadata":{"emulator":{"name":"ui"},"message":"Starting Emulator UI with command {\"binary\":\"node\",\"args\":[\"/home/omairapalacios/.cache/firebase/emulators/ui-v1.0.0/server.bundle.js\"],\"optionalArgs\":[],\"joinArgs\":false}"}}
[info] i  ui: Emulator UI logging to ui-debug.log {"metadata":{"emulator":{"name":"ui"},"message":"Emulator UI logging to \u001b[1mui-debug.log\u001b[22m"}}
[debug] [2020-06-05T02:39:02.061Z] Web / API server started at http://localhost:4000
 {"metadata":{"emulator":{"name":"ui"},"message":"Web / API server started at http://localhost:4000\n"}}
[info] i  functions: Watching "/home/omairapalacios/Documents/My_Projects/konecta-challenge/functions" for Cloud Functions... {"metadata":{"emulator":{"name":"functions"},"message":"Watching \"/home/omairapalacios/Documents/My_Projects/konecta-challenge/functions\" for Cloud Functions..."}}
[debug] [2020-06-05T02:39:02.199Z] [worker-pool] addWorker(~diagnostic~) {"metadata":{"emulator":{"name":"functions"},"message":"[worker-pool] addWorker(~diagnostic~)"}}
[debug] [2020-06-05T02:39:02.199Z] [worker-pool] Adding worker with key ~diagnostic~, total=1 {"metadata":{"emulator":{"name":"functions"},"message":"[worker-pool] Adding worker with key ~diagnostic~, total=1"}}
[debug] [2020-06-05T02:39:02.199Z] [worker-pool] submitWork(triggerId=) {"metadata":{"emulator":{"name":"functions"},"message":"[worker-pool] submitWork(triggerId=)"}}
[debug] [2020-06-05T02:39:02.200Z] [worker-~diagnostic~-cbcca988-174a-4545-b584-0d4c362d2357]: Assigning socketPath: /tmp/fire_emu_3237.sock {"metadata":{"emulator":{"name":"functions"},"message":"[worker-~diagnostic~-cbcca988-174a-4545-b584-0d4c362d2357]: Assigning socketPath: /tmp/fire_emu_3237.sock"}}
[debug] [2020-06-05T02:39:02.200Z] [worker-~diagnostic~-cbcca988-174a-4545-b584-0d4c362d2357]: BUSY {"metadata":{"emulator":{"name":"functions"},"message":"[worker-~diagnostic~-cbcca988-174a-4545-b584-0d4c362d2357]: BUSY"}}
[debug] [2020-06-05T02:39:02.469Z] [runtime-status] [3237] Functions runtime initialized. {"cwd":"/home/omairapalacios/Documents/My_Projects/konecta-challenge/functions","node_version":"10.17.0"} {"metadata":{"emulator":{"name":"functions"},"message":"[runtime-status] [3237] Functions runtime initialized. {\"cwd\":\"/home/omairapalacios/Documents/My_Projects/konecta-challenge/functions\",\"node_version\":\"10.17.0\"}"}}
[debug] [2020-06-05T02:39:02.470Z] [runtime-status] [3237] Disabled runtime features: undefined {"metadata":{"emulator":{"name":"functions"},"message":"[runtime-status] [3237] Disabled runtime features: undefined"}}
[debug] [2020-06-05T02:39:02.472Z] [runtime-status] [3237] Resolved module firebase-admin {"declared":true,"installed":true,"version":"8.12.1","resolution":"/home/omairapalacios/Documents/My_Projects/konecta-challenge/functions/node_modules/firebase-admin/lib/index.js"} {"metadata":{"emulator":{"name":"functions"},"message":"[runtime-status] [3237] Resolved module firebase-admin {\"declared\":true,\"installed\":true,\"version\":\"8.12.1\",\"resolution\":\"/home/omairapalacios/Documents/My_Projects/konecta-challenge/functions/node_modules/firebase-admin/lib/index.js\"}"}}
[debug] [2020-06-05T02:39:02.473Z] [runtime-status] [3237] Resolved module firebase-functions {"declared":true,"installed":true,"version":"3.6.2","resolution":"/home/omairapalacios/Documents/My_Projects/konecta-challenge/functions/node_modules/firebase-functions/lib/index.js"} {"metadata":{"emulator":{"name":"functions"},"message":"[runtime-status] [3237] Resolved module firebase-functions {\"declared\":true,\"installed\":true,\"version\":\"3.6.2\",\"resolution\":\"/home/omairapalacios/Documents/My_Projects/konecta-challenge/functions/node_modules/firebase-functions/lib/index.js\"}"}}
[debug] [2020-06-05T02:39:02.479Z] [runtime-status] [3237] Outgoing network have been stubbed. [{"name":"http","status":"mocked"},{"name":"http","status":"mocked"},{"name":"https","status":"mocked"},{"name":"https","status":"mocked"},{"name":"net","status":"mocked"}] {"metadata":{"emulator":{"name":"functions"},"message":"[runtime-status] [3237] Outgoing network have been stubbed. [{\"name\":\"http\",\"status\":\"mocked\"},{\"name\":\"http\",\"status\":\"mocked\"},{\"name\":\"https\",\"status\":\"mocked\"},{\"name\":\"https\",\"status\":\"mocked\"},{\"name\":\"net\",\"status\":\"mocked\"}]"}}
[debug] [2020-06-05T02:39:02.481Z] [runtime-status] [3237] Resolved module firebase-functions {"declared":true,"installed":true,"version":"3.6.2","resolution":"/home/omairapalacios/Documents/My_Projects/konecta-challenge/functions/node_modules/firebase-functions/lib/index.js"} {"metadata":{"emulator":{"name":"functions"},"message":"[runtime-status] [3237] Resolved module firebase-functions {\"declared\":true,\"installed\":true,\"version\":\"3.6.2\",\"resolution\":\"/home/omairapalacios/Documents/My_Projects/konecta-challenge/functions/node_modules/firebase-functions/lib/index.js\"}"}}
[debug] [2020-06-05T02:39:02.513Z] [runtime-status] [3237] Checked functions.config() {"config":{}} {"metadata":{"emulator":{"name":"functions"},"message":"[runtime-status] [3237] Checked functions.config() {\"config\":{}}"}}
[debug] [2020-06-05T02:39:02.513Z] [runtime-status] [3237] firebase-functions has been stubbed. {"functionsResolution":{"declared":true,"installed":true,"version":"3.6.2","resolution":"/home/omairapalacios/Documents/My_Projects/konecta-challenge/functions/node_modules/firebase-functions/lib/index.js"}} {"metadata":{"emulator":{"name":"functions"},"message":"[runtime-status] [3237] firebase-functions has been stubbed. {\"functionsResolution\":{\"declared\":true,\"installed\":true,\"version\":\"3.6.2\",\"resolution\":\"/home/omairapalacios/Documents/My_Projects/konecta-challenge/functions/node_modules/firebase-functions/lib/index.js\"}}"}}
[debug] [2020-06-05T02:39:02.514Z] [runtime-status] [3237] Resolved module firebase-functions {"declared":true,"installed":true,"version":"3.6.2","resolution":"/home/omairapalacios/Documents/My_Projects/konecta-challenge/functions/node_modules/firebase-functions/lib/index.js"} {"metadata":{"emulator":{"name":"functions"},"message":"[runtime-status] [3237] Resolved module firebase-functions {\"declared\":true,\"installed\":true,\"version\":\"3.6.2\",\"resolution\":\"/home/omairapalacios/Documents/My_Projects/konecta-challenge/functions/node_modules/firebase-functions/lib/index.js\"}"}}
[debug] [2020-06-05T02:39:02.516Z] [runtime-status] [3237] Resolved module firebase-admin {"declared":true,"installed":true,"version":"8.12.1","resolution":"/home/omairapalacios/Documents/My_Projects/konecta-challenge/functions/node_modules/firebase-admin/lib/index.js"} {"metadata":{"emulator":{"name":"functions"},"message":"[runtime-status] [3237] Resolved module firebase-admin {\"declared\":true,\"installed\":true,\"version\":\"8.12.1\",\"resolution\":\"/home/omairapalacios/Documents/My_Projects/konecta-challenge/functions/node_modules/firebase-admin/lib/index.js\"}"}}
[debug] [2020-06-05T02:39:02.516Z] [runtime-status] [3237] Resolved module firebase-functions {"declared":true,"installed":true,"version":"3.6.2","resolution":"/home/omairapalacios/Documents/My_Projects/konecta-challenge/functions/node_modules/firebase-functions/lib/index.js"} {"metadata":{"emulator":{"name":"functions"},"message":"[runtime-status] [3237] Resolved module firebase-functions {\"declared\":true,\"installed\":true,\"version\":\"3.6.2\",\"resolution\":\"/home/omairapalacios/Documents/My_Projects/konecta-challenge/functions/node_modules/firebase-functions/lib/index.js\"}"}}
[debug] [2020-06-05T02:39:02.516Z] [runtime-status] [3237] firebase-admin has been stubbed. {"adminResolution":{"declared":true,"installed":true,"version":"8.12.1","resolution":"/home/omairapalacios/Documents/My_Projects/konecta-challenge/functions/node_modules/firebase-admin/lib/index.js"}} {"metadata":{"emulator":{"name":"functions"},"message":"[runtime-status] [3237] firebase-admin has been stubbed. {\"adminResolution\":{\"declared\":true,\"installed\":true,\"version\":\"8.12.1\",\"resolution\":\"/home/omairapalacios/Documents/My_Projects/konecta-challenge/functions/node_modules/firebase-admin/lib/index.js\"}}"}}
[debug] [2020-06-05T02:39:02.554Z] [runtime-status] [3237] initializeApp(DEFAULT) {"databaseURL":"https://konectameet.firebaseio.com","storageBucket":"konectameet.appspot.com","projectId":"konectameet"} {"metadata":{"emulator":{"name":"functions"},"message":"[runtime-status] [3237] initializeApp(DEFAULT) {\"databaseURL\":\"https://konectameet.firebaseio.com\",\"storageBucket\":\"konectameet.appspot.com\",\"projectId\":\"konectameet\"}"}}
[info] i  functions[sendEmailNotification]: function ignored because the firestore emulator does not exist or is not running. {"metadata":{"emulator":{"name":"functions"},"message":"function ignored because the firestore emulator does not exist or is not running."}}
[info] 
┌───────────────────────────────────────────────────────────────────────┐
│ ✔  All emulators ready! View status and logs at http://localhost:4000 │
└───────────────────────────────────────────────────────────────────────┘

┌───────────┬────────────────┬─────────────────────────────────┐
│ Emulator  │ Host:Port      │ View in Emulator UI             │
├───────────┼────────────────┼─────────────────────────────────┤
│ Functions │ localhost:5001 │ http://localhost:4000/functions │
└───────────┴────────────────┴─────────────────────────────────┘
  Other reserved ports: 4400, 4500

Issues? Report them at https://github.com/firebase/firebase-tools/issues and attach the *-debug.log files.
 
[debug] [2020-06-05T02:39:02.566Z] [worker-~diagnostic~-cbcca988-174a-4545-b584-0d4c362d2357]: IDLE {"metadata":{"emulator":{"name":"functions"},"message":"[worker-~diagnostic~-cbcca988-174a-4545-b584-0d4c362d2357]: IDLE"}}
